0 info it worked if it ends with ok
1 verbose cli [ '/usr/local/bin/node', '/usr/local/bin/npm', 'run', 'begin' ]
2 info using npm@3.3.12
3 info using node@v4.2.1
4 verbose run-script [ 'prebegin', 'begin', 'postbegin' ]
5 info lifecycle riverinformer@1.0.0~prebegin: riverinformer@1.0.0
6 silly lifecycle riverinformer@1.0.0~prebegin: no script for prebegin, continuing
7 info lifecycle riverinformer@1.0.0~begin: riverinformer@1.0.0
8 verbose lifecycle riverinformer@1.0.0~begin: unsafe-perm in lifecycle true
9 verbose lifecycle riverinformer@1.0.0~begin: PATH: /usr/local/lib/node_modules/npm/bin/node-gyp-bin:/Users/Javier/Projects/RiverInformer/site/node_modules/.bin:/usr/local/bin:/usr/bin:/bin:/usr/sbin:/sbin:/usr/local/git/bin
10 verbose lifecycle riverinformer@1.0.0~begin: CWD: /Users/Javier/Projects/RiverInformer/site
11 silly lifecycle riverinformer@1.0.0~begin: Args: [ '-c', 'babel ./src -o ./lib' ]
12 silly lifecycle riverinformer@1.0.0~begin: Returned: code: 1  signal: null
13 info lifecycle riverinformer@1.0.0~begin: Failed to exec begin script
14 verbose stack Error: riverinformer@1.0.0 begin: `babel ./src -o ./lib`
14 verbose stack Exit status 1
14 verbose stack     at EventEmitter.<anonymous> (/usr/local/lib/node_modules/npm/lib/utils/lifecycle.js:232:16)
14 verbose stack     at emitTwo (events.js:87:13)
14 verbose stack     at EventEmitter.emit (events.js:172:7)
14 verbose stack     at ChildProcess.<anonymous> (/usr/local/lib/node_modules/npm/lib/utils/spawn.js:24:14)
14 verbose stack     at emitTwo (events.js:87:13)
14 verbose stack     at ChildProcess.emit (events.js:172:7)
14 verbose stack     at maybeClose (internal/child_process.js:818:16)
14 verbose stack     at Process.ChildProcess._handle.onexit (internal/child_process.js:211:5)
15 verbose pkgid riverinformer@1.0.0
16 verbose cwd /Users/Javier/Projects/RiverInformer/site
17 error Darwin 15.2.0
18 error argv "/usr/local/bin/node" "/usr/local/bin/npm" "run" "begin"
19 error node v4.2.1
20 error npm  v3.3.12
21 error code ELIFECYCLE
22 error riverinformer@1.0.0 begin: `babel ./src -o ./lib`
22 error Exit status 1
23 error Failed at the riverinformer@1.0.0 begin script 'babel ./src -o ./lib'.
23 error Make sure you have the latest version of node.js and npm installed.
23 error If you do, this is most likely a problem with the riverinformer package,
23 error not with npm itself.
23 error Tell the author that this fails on your system:
23 error     babel ./src -o ./lib
23 error You can get their info via:
23 error     npm owner ls riverinformer
23 error There is likely additional logging output above.
24 verbose exit [ 1, true ]
